<?xml version="1.0" encoding="UTF-8"?>
<!-- Generated by org.testng.reporters.JUnitReportReporter -->
<testsuite hostname="user-PC" failures="0" tests="1" name="com.inetBanking.testcases.TC_LoginTest_001" time="4.239" errors="0" timestamp="13 Mar 2019 15:53:06 GMT" skipped="0">
  <testcase classname="com.inetBanking.testcases.TC_LoginTest_001" name="loginTest" time="4.239"/>
</testsuite> <!-- com.inetBanking.testcases.TC_LoginTest_001 -->
